start: START
accept: ACCEPT
reject: REJECT
blank: e
START 0 -> START 0 > 
START 1 -> START 1 > 
START 2 -> START 2 > 
START 3 -> START 3 > 
START < -> SKIPA < < 
SKIPA e  -> FINISH e > 
SKIPA 0 -> SKIPB0 2 > 
SKIPA 1 -> SKIPB1 3 > 
SKIPA 2 -> SKIPA 2 < 
SKIPA 3 -> SKIPA 3 < 
SKIPB0 2 -> SKIPB0 2 > 
SKIPB0 3 -> SKIPB0 3 > 
SKIPB0 < -> CHECKB0 < > 
SKIPB1 2 -> SKIPB1 2 > 
SKIPB1 3 -> SKIPB1 3 > 
SKIPB1 < -> CHECKB1 < > 
CHECKB0 e  -> MINUS0 e < 
CHECKB0 0 -> CHECKB0 0 > 
CHECKB0 1 -> CHECKB0 1 > 
CHECKB0 2 -> MINUS0 2 < 
CHECKB0 3 -> MINUS0 3 < 
CHECKB1 e  -> MINUS1 e < 
CHECKB1 0 -> CHECKB1 0 > 
CHECKB1 1 -> CHECKB1 1 > 
CHECKB1 2 -> MINUS1 2 < 
CHECKB1 3 -> MINUS1 3 < 
MINUS0 0 -> RETURN 2 < 
MINUS0 1 -> RETURN 3 < 
MINUS1 0 -> CARRY 3 < 
MINUS1 1 -> RETURN 2 < 
CARRY 0 -> CARRY 1 < 
CARRY 1 -> RETURN 0 < 
RETURN 0 -> RETURN 0 < 
RETURN 1 -> RETURN 1 < 
RETURN < -> SKIPA < < 
FINISH 2 -> FINISH 2 > 
FINISH 3 -> FINISH 3 > 
FINISH < -> CMP < > 
CMP 0 -> CMP 0 > 
CMP 1 -> ACCEPT 1 ^ 
CMP 2 -> CMP 0 > 
CMP 3 -> ACCEPT 1 ^ 
