start: START
accept: ACCEPT
reject: REJECT
blank: e
START e  -> PLACE0 # < 
START 0 -> START 0 < 
START 1 -> START 1 < 
START 2 -> START 2 < 
PLACE0 e  -> FSTEND 0 > 
FSTEND e  -> MINUS1 e < 
FSTEND 0 -> FSTEND 0 > 
FSTEND 1 -> FSTEND 1 > 
FSTEND 2 -> FSTEND 2 > 
FSTEND # -> FSTEND # > 
MINUS1 0 -> MINUS1 2 < 
MINUS1 1 -> TOSND 0 < 
MINUS1 2 -> TOSND 1 < 
MINUS1 # -> FINISH # > 
TOSND 0 -> TOSND 0 < 
TOSND 1 -> TOSND 1 < 
TOSND 2 -> TOSND 2 < 
TOSND # -> PLUS1 # < 
PLUS1 e  -> FSTEND 1 > 
PLUS1 0 -> FSTEND 1 > 
PLUS1 1 -> PLUS1 0 < 
FINISH e  -> CLEAR e < 
FINISH 0 -> FINISH 0 > 
FINISH 1 -> FINISH 1 > 
FINISH 2 -> FINISH 2 > 
CLEAR 0 -> CLEAR e < 
CLEAR 1 -> CLEAR e < 
CLEAR 2 -> CLEAR e < 
CLEAR # -> SNDBEGIN e < 
SNDBEGIN e  -> ACCEPT e > 
SNDBEGIN 0 -> SNDBEGIN 0 < 
SNDBEGIN 1 -> SNDBEGIN 1 < 
