start: ToAddOne
accept: ACCEPT
reject: REJECT
blank: e
ToAddOne e -> AddOne e > 
ToAddOne 0 -> ToAddOne 0 > 
ToAddOne 1 -> ToAddOne 1 > 
AddOne e -> MainMulFork 1 ^ 
ToMainMulForkL e -> ToMainMulForkR e > 
ToMainMulForkL 0 -> ToMainMulForkL 0 > 
ToMainMulForkL 1 -> ToMainMulForkL 1 > 
ToMainMulForkR e -> MainMulFork e < 
ToMainMulForkR 0 -> ToMainMulForkR 0 > 
ToMainMulForkR 1 -> ToMainMulForkR 1 > 
MainMulFork e -> Copy e < 
MainMulFork 0 -> PushLeftR e < 
MainMulFork 1 -> ToStartMul e < 
PushLeftR e -> PushLeftL e < 
PushLeftR 0 -> PushLeftR 0 < 
PushLeftR 1 -> PushLeftR 1 < 
PushLeftL e -> PushLeftRes e < 
PushLeftL 0 -> PushLeftL 0 < 
PushLeftL 1 -> PushLeftL 1 < 
PushLeftRes e -> PushA e < 
PushLeftRes 0 -> PushLeftRes 0 < 
PushLeftRes 1 -> PushLeftRes 1 < 
PushA e -> PushB e < 
PushB e -> Push0A e > 
PushB 0 -> Push0A e > 
PushB 1 -> Push1A e > 
Push0A e -> Push0B e > 
Push0B e -> BackRes 0 > 
Push1A e -> Push1B e > 
Push1B e -> BackRes 1 > 
BackRes e -> BackL e > 
BackRes 0 -> BackRes 0 > 
BackRes 1 -> BackRes 1 > 
BackL e -> BackR e > 
BackL 0 -> BackL 0 > 
BackL 1 -> BackL 1 > 
BackR e -> MainMulFork e < 
BackR 0 -> BackR 0 > 
BackR 1 -> BackR 1 > 
ToStartMul e -> Mul e < 
ToStartMul 0 -> ToStartMul 0 < 
ToStartMul 1 -> ToStartMul 1 < 
Mul e -> ShiftRes e < 
Mul 0 -> Mul0L e < 
Mul 1 -> Mul1L e < 
Mul0L e -> Mul0Res e < 
Mul0L 0 -> Mul0L 0 < 
Mul0L 1 -> Mul0L 1 < 
Mul0Res e -> Mul0GoAdd e < 
Mul0Res 0 -> Mul0Res 0 < 
Mul0Res 1 -> Mul0Res 1 < 
Mul0GoAdd e -> Mul0Add e < 
Mul0GoAdd 0 -> Mul0GoAdd 0 < 
Mul0GoAdd 1 -> Mul0GoAdd 1 < 
Mul0Add e -> Mul00 e > 
Mul0Add 0 -> Mul00 e > 
Mul0Add 1 -> Mul01 e > 
Mul00 e -> Mul0Back 0 > 
Mul01 e -> Mul0Back 1 > 
Mul0Back e -> Mul0BackRes e > 
Mul0Back 0 -> Mul0Back 0 > 
Mul0Back 1 -> Mul0Back 1 > 
Mul0BackRes e -> Mul0BackL e > 
Mul0BackRes 0 -> Mul0BackRes 0 > 
Mul0BackRes 1 -> Mul0BackRes 1 > 
Mul0BackL e -> Mul 0 < 
Mul0BackL 0 -> Mul0BackL 0 > 
Mul0BackL 1 -> Mul0BackL 1 > 
Mul1L e -> Mul1Res e < 
Mul1L 0 -> Mul1L 0 < 
Mul1L 1 -> Mul1L 1 < 
Mul1Res e -> Mul1GoAdd e < 
Mul1Res 0 -> Mul1Res 0 < 
Mul1Res 1 -> Mul1Res 1 < 
Mul1GoAdd e -> Mul1Add e < 
Mul1GoAdd 0 -> Mul1GoAdd 0 < 
Mul1GoAdd 1 -> Mul1GoAdd 1 < 
Mul1Add e -> Mul10 e > 
Mul1Add 0 -> Mul10 e > 
Mul1Add 1 -> Mul11 e > 
Mul10 e -> Mul1Back 1 > 
Mul11 e -> Mul1BackEx 0 > 
Mul1Back e -> Mul1BackRes e > 
Mul1Back 0 -> Mul1Back 0 > 
Mul1Back 1 -> Mul1Back 1 > 
Mul1BackRes e -> Mul1BackL e > 
Mul1BackRes 0 -> Mul1BackRes 0 > 
Mul1BackRes 1 -> Mul1BackRes 1 > 
Mul1BackL e -> Mul 1 < 
Mul1BackL 0 -> Mul1BackL 0 > 
Mul1BackL 1 -> Mul1BackL 1 > 
MulEx e -> SetExtraRes e < 
MulEx 0 -> Mul0LEx e < 
MulEx 1 -> Mul1LEx e < 
Mul0LEx e -> Mul0ResEx e < 
Mul0LEx 0 -> Mul0LEx 0 < 
Mul0LEx 1 -> Mul0LEx 1 < 
Mul0ResEx e -> Mul0GoAddEx e < 
Mul0ResEx 0 -> Mul0ResEx 0 < 
Mul0ResEx 1 -> Mul0ResEx 1 < 
Mul0GoAddEx e -> Mul0AddEx e < 
Mul0GoAddEx 0 -> Mul0GoAddEx 0 < 
Mul0GoAddEx 1 -> Mul0GoAddEx 1 < 
Mul0AddEx e -> Mul00Ex e > 
Mul0AddEx 0 -> Mul00Ex e > 
Mul0AddEx 1 -> Mul01Ex e > 
Mul00Ex e -> Mul0Back 1 > 
Mul01Ex e -> Mul0BackEx 0 > 
Mul0BackEx e -> Mul0BackResEx e > 
Mul0BackEx 0 -> Mul0BackEx 0 > 
Mul0BackEx 1 -> Mul0BackEx 1 > 
Mul0BackResEx e -> Mul0BackLEx e > 
Mul0BackResEx 0 -> Mul0BackResEx 0 > 
Mul0BackResEx 1 -> Mul0BackResEx 1 > 
Mul0BackLEx e -> MulEx 0 < 
Mul0BackLEx 0 -> Mul0BackLEx 0 > 
Mul0BackLEx 1 -> Mul0BackLEx 1 > 
Mul1LEx e -> Mul1ResEx e < 
Mul1LEx 0 -> Mul1LEx 0 < 
Mul1LEx 1 -> Mul1LEx 1 < 
Mul1ResEx e -> Mul1GoAddEx e < 
Mul1ResEx 0 -> Mul1ResEx 0 < 
Mul1ResEx 1 -> Mul1ResEx 1 < 
Mul1GoAddEx e -> Mul1AddEx e < 
Mul1GoAddEx 0 -> Mul1GoAddEx 0 < 
Mul1GoAddEx 1 -> Mul1GoAddEx 1 < 
Mul1AddEx e -> Mul10Ex e > 
Mul1AddEx 0 -> Mul10Ex e > 
Mul1AddEx 1 -> Mul11Ex e > 
Mul10Ex e -> Mul1BackEx 0 > 
Mul11Ex e -> Mul1BackEx 1 > 
Mul1BackEx e -> Mul1BackResEx e > 
Mul1BackEx 0 -> Mul1BackEx 0 > 
Mul1BackEx 1 -> Mul1BackEx 1 > 
Mul1BackResEx e -> Mul1BackLEx e > 
Mul1BackResEx 0 -> Mul1BackResEx 0 > 
Mul1BackResEx 1 -> Mul1BackResEx 1 > 
Mul1BackLEx e -> MulEx 1 < 
Mul1BackLEx 0 -> Mul1BackLEx 0 > 
Mul1BackLEx 1 -> Mul1BackLEx 1 > 
SetExtraRes e -> SetExtraGoSet e < 
SetExtraRes 0 -> SetExtraRes 0 < 
SetExtraRes 1 -> SetExtraRes 1 < 
SetExtraGoSet e -> ShiftA 1 ^ 
SetExtraGoSet 0 -> SetExtraGoSet 0 < 
SetExtraGoSet 1 -> SetExtraGoSet 1 < 
ShiftRes e -> ShiftGo e < 
ShiftRes 0 -> ShiftRes 0 < 
ShiftRes 1 -> ShiftRes 1 < 
ShiftGo e -> ShiftA e > 
ShiftGo 0 -> ShiftGo 0 < 
ShiftGo 1 -> ShiftGo 1 < 
ShiftA e -> PushA e < 
ShiftA 0 -> ShiftB0 e < 
ShiftA 1 -> ShiftB1 e < 
ShiftB0 e -> ShiftC 0 > 
ShiftB1 e -> ShiftC 1 > 
ShiftC e -> ShiftA e > 
Copy e -> RemoveEps1 e < 
Copy 0 -> Copy0Cross0 e < 
Copy 1 -> Copy1Cross0 e < 
Copy0Cross0 e -> Copy0Cross1 e < 
Copy0Cross0 0 -> Copy0Cross0 0 < 
Copy0Cross0 1 -> Copy0Cross0 1 < 
Copy0Cross1 e -> Copy0Cross2 e < 
Copy0Cross1 0 -> Copy0Cross1 0 < 
Copy0Cross1 1 -> Copy0Cross1 1 < 
Copy0Cross2 e -> Copy0Cross3 e < 
Copy0Cross2 0 -> Copy0Cross2 0 < 
Copy0Cross2 1 -> Copy0Cross2 1 < 
Copy0Cross3 e -> Copy0Cross4 e < 
Copy0Cross3 0 -> Copy0Cross3 0 < 
Copy0Cross3 1 -> Copy0Cross3 1 < 
Copy0Cross4 e -> CopyBackCross4 0 > 
Copy0Cross4 0 -> Copy0Cross4 0 < 
Copy0Cross4 1 -> Copy0Cross4 1 < 
Copy1Cross0 e -> Copy1Cross1 e < 
Copy1Cross0 0 -> Copy1Cross0 0 < 
Copy1Cross0 1 -> Copy1Cross0 1 < 
Copy1Cross1 e -> Copy1Cross2 e < 
Copy1Cross1 0 -> Copy1Cross1 0 < 
Copy1Cross1 1 -> Copy1Cross1 1 < 
Copy1Cross2 e -> Copy1Cross3 e < 
Copy1Cross2 0 -> Copy1Cross2 0 < 
Copy1Cross2 1 -> Copy1Cross2 1 < 
Copy1Cross3 e -> Copy1Cross4 e < 
Copy1Cross3 0 -> Copy1Cross3 0 < 
Copy1Cross3 1 -> Copy1Cross3 1 < 
Copy1Cross4 e -> CopyBackCross4 1 > 
Copy1Cross4 0 -> Copy1Cross4 0 < 
Copy1Cross4 1 -> Copy1Cross4 1 < 
CopyBackCross4 e -> CopyBackCross3 e > 
CopyBackCross4 0 -> CopyBackCross4 0 > 
CopyBackCross4 1 -> CopyBackCross4 1 > 
CopyBackCross3 e -> CopyBackCross2 e > 
CopyBackCross3 0 -> CopyBackCross3 0 > 
CopyBackCross3 1 -> CopyBackCross3 1 > 
CopyBackCross2 e -> CopyBackCross1 e > 
CopyBackCross2 0 -> CopyBackCross2 0 > 
CopyBackCross2 1 -> CopyBackCross2 1 > 
CopyBackCross1 e -> CopyBackCross0 e > 
CopyBackCross1 0 -> CopyBackCross1 0 > 
CopyBackCross1 1 -> CopyBackCross1 1 > 
CopyBackCross0 e -> Copy e < 
CopyBackCross0 0 -> CopyBackCross0 0 > 
CopyBackCross0 1 -> CopyBackCross0 1 > 
RemoveEps1 e -> RemoveEps1A e > 
RemoveEps1 0 -> RemoveEps1 0 < 
RemoveEps1 1 -> RemoveEps1 1 < 
RemoveEps1A e -> RemoveEps2H e < 
RemoveEps1A 0 -> RemoveEps1B0 e < 
RemoveEps1A 1 -> RemoveEps1B1 e < 
RemoveEps1B0 e -> RemoveEps1C 0 > 
RemoveEps1B1 e -> RemoveEps1C 1 > 
RemoveEps1C e -> RemoveEps1A e > 
RemoveEps2H e -> RemoveEps2 e < 
RemoveEps2 e -> RemoveEps2A e < 
RemoveEps2 0 -> RemoveEps2 0 < 
RemoveEps2 1 -> RemoveEps2 1 < 
RemoveEps2A e -> Dec1A e < 
RemoveEps2A 0 -> RemoveEps2B0 e > 
RemoveEps2A 1 -> RemoveEps2B1 e > 
RemoveEps2B0 e -> RemoveEps2C 0 < 
RemoveEps2B1 e -> RemoveEps2C 1 < 
RemoveEps2C e -> RemoveEps2A e < 
Dec1A 0 -> Dec1B1 e > 
Dec1A 1 -> Dec0B0 e > 
Dec1B1 e -> Dec1C 1 < 
Dec1C e -> Dec1A e < 
Dec0A e -> ToClearZeros e > 
Dec0A 0 -> Dec0B0 e > 
Dec0A 1 -> Dec0B1 e > 
Dec0B0 e -> Dec0C 0 < 
Dec0B1 e -> Dec0C 1 < 
Dec0C e -> Dec0A e < 
ToClearZeros e -> ToClearZeros e > 
ToClearZeros 0 -> ClearZeros e > 
ToClearZeros 1 -> ToMainMulForkL 1 ^ 
ClearZeros e -> ACCEPT e > 
ClearZeros 0 -> ClearZeros e > 
ClearZeros 1 -> ToMainMulForkL 1 ^ 
